[0m21:34:04.476710 [debug] [MainThread]: Sending event: {'category': 'dbt', 'action': 'invocation', 'label': 'start', 'context': [<snowplow_tracker.self_describing_json.SelfDescribingJson object at 0x0000021436CA8190>, <snowplow_tracker.self_describing_json.SelfDescribingJson object at 0x0000021436C9F6D0>, <snowplow_tracker.self_describing_json.SelfDescribingJson object at 0x000002143560F110>]}


============================== 21:34:04.577829 | ac80e993-e64c-493a-8292-8e0f18bb22ef ==============================
[0m21:34:04.577829 [info ] [MainThread]: Running with dbt=1.7.18
[0m21:34:04.577829 [debug] [MainThread]: running dbt with arguments {'printer_width': '80', 'indirect_selection': 'eager', 'log_cache_events': 'False', 'write_json': 'True', 'partial_parse': 'True', 'cache_selected_only': 'False', 'warn_error': 'None', 'fail_fast': 'False', 'debug': 'False', 'log_path': 'logs', 'version_check': 'True', 'profiles_dir': 'C:\\Users\\harol\\.dbt', 'use_colors': 'True', 'use_experimental_parser': 'False', 'no_print': 'None', 'quiet': 'False', 'warn_error_options': 'WarnErrorOptions(include=[], exclude=[])', 'invocation_command': 'dbt debug', 'introspect': 'True', 'log_format': 'default', 'target_path': 'None', 'static_parser': 'True', 'send_anonymous_usage_stats': 'True'}
[0m21:34:04.577829 [info ] [MainThread]: dbt version: 1.7.18
[0m21:34:04.594229 [info ] [MainThread]: python version: 3.11.0
[0m21:34:04.597188 [info ] [MainThread]: python path: C:\Users\harol\PycharmProjects\pythonProject\dbtlearn\.venv\Scripts\python.exe
[0m21:34:04.601708 [info ] [MainThread]: os info: Windows-10-10.0.22631-SP0
[0m21:34:08.655958 [info ] [MainThread]: Using profiles dir at C:\Users\harol\.dbt
[0m21:34:08.655958 [info ] [MainThread]: Using profiles.yml file at C:\Users\harol\.dbt\profiles.yml
[0m21:34:08.655958 [info ] [MainThread]: Using dbt_project.yml file at C:\Users\harol\PycharmProjects\pythonProject\dbt_dagster_project\dbt_project.yml
[0m21:34:08.655958 [info ] [MainThread]: adapter type: snowflake
[0m21:34:08.655958 [info ] [MainThread]: adapter version: 1.7.1
[0m21:34:08.671752 [info ] [MainThread]: Configuration:
[0m21:34:08.673328 [info ] [MainThread]:   profiles.yml file [[32mOK found and valid[0m]
[0m21:34:08.674360 [info ] [MainThread]:   dbt_project.yml file [[31mERROR not found[0m]
[0m21:34:08.674360 [info ] [MainThread]: Required dependencies:
[0m21:34:08.674360 [debug] [MainThread]: Executing "git --help"
[0m21:34:09.178979 [debug] [MainThread]: STDOUT: "b"usage: git [--version] [--help] [-C <path>] [-c <name>=<value>]\n           [--exec-path[=<path>]] [--html-path] [--man-path] [--info-path]\n           [-p | --paginate | -P | --no-pager] [--no-replace-objects] [--bare]\n           [--git-dir=<path>] [--work-tree=<path>] [--namespace=<name>]\n           <command> [<args>]\n\nThese are common Git commands used in various situations:\n\nstart a working area (see also: git help tutorial)\n   clone     Clone a repository into a new directory\n   init      Create an empty Git repository or reinitialize an existing one\n\nwork on the current change (see also: git help everyday)\n   add       Add file contents to the index\n   mv        Move or rename a file, a directory, or a symlink\n   restore   Restore working tree files\n   rm        Remove files from the working tree and from the index\n\nexamine the history and state (see also: git help revisions)\n   bisect    Use binary search to find the commit that introduced a bug\n   diff      Show changes between commits, commit and working tree, etc\n   grep      Print lines matching a pattern\n   log       Show commit logs\n   show      Show various types of objects\n   status    Show the working tree status\n\ngrow, mark and tweak your common history\n   branch    List, create, or delete branches\n   commit    Record changes to the repository\n   merge     Join two or more development histories together\n   rebase    Reapply commits on top of another base tip\n   reset     Reset current HEAD to the specified state\n   switch    Switch branches\n   tag       Create, list, delete or verify a tag object signed with GPG\n\ncollaborate (see also: git help workflows)\n   fetch     Download objects and refs from another repository\n   pull      Fetch from and integrate with another repository or a local branch\n   push      Update remote refs along with associated objects\n\n'git help -a' and 'git help -g' list available subcommands and some\nconcept guides. See 'git help <command>' or 'git help <concept>'\nto read about a specific subcommand or concept.\nSee 'git help git' for an overview of the system.\n""
[0m21:34:09.178979 [debug] [MainThread]: STDERR: "b''"
[0m21:34:09.178979 [info ] [MainThread]:  - git [[32mOK found[0m]

[0m21:34:09.178979 [info ] [MainThread]: Connection:
[0m21:34:09.188502 [info ] [MainThread]:   account: jeafyje-yz77125
[0m21:34:09.192960 [info ] [MainThread]:   user: haroldjm79
[0m21:34:09.195859 [info ] [MainThread]:   database: AIRBNB
[0m21:34:09.199731 [info ] [MainThread]:   warehouse: COMPUTE_WH
[0m21:34:09.203911 [info ] [MainThread]:   role: transform
[0m21:34:09.204981 [info ] [MainThread]:   schema: DEV
[0m21:34:09.204981 [info ] [MainThread]:   authenticator: None
[0m21:34:09.211466 [info ] [MainThread]:   private_key_path: None
[0m21:34:09.215547 [info ] [MainThread]:   token: None
[0m21:34:09.219341 [info ] [MainThread]:   oauth_client_id: None
[0m21:34:09.221973 [info ] [MainThread]:   query_tag: None
[0m21:34:09.221973 [info ] [MainThread]:   client_session_keep_alive: False
[0m21:34:09.221973 [info ] [MainThread]:   host: None
[0m21:34:09.227403 [info ] [MainThread]:   port: None
[0m21:34:09.230060 [info ] [MainThread]:   proxy_host: None
[0m21:34:09.232302 [info ] [MainThread]:   proxy_port: None
[0m21:34:09.235340 [info ] [MainThread]:   protocol: None
[0m21:34:09.236009 [info ] [MainThread]:   connect_retries: 1
[0m21:34:09.237765 [info ] [MainThread]:   connect_timeout: None
[0m21:34:09.237765 [info ] [MainThread]:   retry_on_database_errors: False
[0m21:34:09.241353 [info ] [MainThread]:   retry_all: False
[0m21:34:09.242625 [info ] [MainThread]:   insecure_mode: False
[0m21:34:09.244079 [info ] [MainThread]:   reuse_connections: None
[0m21:34:09.246596 [info ] [MainThread]: Registered adapter: snowflake=1.7.1
[0m21:34:09.264135 [debug] [MainThread]: Acquiring new snowflake connection 'debug'
[0m21:34:09.268134 [debug] [MainThread]: Using snowflake connection "debug"
[0m21:34:09.268686 [debug] [MainThread]: On debug: select 1 as id
[0m21:34:09.270773 [debug] [MainThread]: Opening a new connection, currently in state init
[0m21:34:12.043891 [debug] [MainThread]: SQL status: SUCCESS 1 in 3.0 seconds
[0m21:34:12.043891 [debug] [MainThread]: On debug: Close
[0m21:34:12.371064 [info ] [MainThread]:   Connection test: [[32mOK connection ok[0m]

[0m21:34:12.381457 [info ] [MainThread]: [31m1 check failed:[0m
[0m21:34:12.381457 [info ] [MainThread]: Project loading failed for the following reason:
 project path <C:\Users\harol\PycharmProjects\pythonProject\dbt_dagster_project\dbt_project.yml> not found

[0m21:34:12.387989 [debug] [MainThread]: Command `dbt debug` failed at 21:34:12.387989 after 8.02 seconds
[0m21:34:12.387989 [debug] [MainThread]: Connection 'debug' was properly closed.
[0m21:34:12.391971 [debug] [MainThread]: Sending event: {'category': 'dbt', 'action': 'invocation', 'label': 'end', 'context': [<snowplow_tracker.self_describing_json.SelfDescribingJson object at 0x0000021436CDE090>, <snowplow_tracker.self_describing_json.SelfDescribingJson object at 0x000002142FDB7C50>, <snowplow_tracker.self_describing_json.SelfDescribingJson object at 0x000002142FDB7AD0>]}
[0m21:34:12.392489 [debug] [MainThread]: Flushing usage events
